Performing C SOURCE FILE Test CMAKE_HAVE_LIBC_PTHREAD failed with the following output:
Change Dir: /home/sen/ros/hand_arm_ws/build/panda_allergo_v2/CMakeFiles/CMakeTmp

Run Build Command(s):/usr/bin/make cmTC_2c1ac/fast && /usr/bin/make -f CMakeFiles/cmTC_2c1ac.dir/build.make CMakeFiles/cmTC_2c1ac.dir/build
make[1]: 进入目录“/home/sen/ros/hand_arm_ws/build/panda_allergo_v2/CMakeFiles/CMakeTmp”
Building C object CMakeFiles/cmTC_2c1ac.dir/src.c.o
/usr/bin/cc   -DCMAKE_HAVE_LIBC_PTHREAD   -o CMakeFiles/cmTC_2c1ac.dir/src.c.o   -c /home/sen/ros/hand_arm_ws/build/panda_allergo_v2/CMakeFiles/CMakeTmp/src.c
Linking C executable cmTC_2c1ac
/usr/bin/cmake -E cmake_link_script CMakeFiles/cmTC_2c1ac.dir/link.txt --verbose=1
/usr/bin/cc  -DCMAKE_HAVE_LIBC_PTHREAD    -rdynamic CMakeFiles/cmTC_2c1ac.dir/src.c.o  -o cmTC_2c1ac 
/usr/bin/ld: CMakeFiles/cmTC_2c1ac.dir/src.c.o: in function `main':
src.c:(.text+0x46): undefined reference to `pthread_create'
/usr/bin/ld: src.c:(.text+0x52): undefined reference to `pthread_detach'
/usr/bin/ld: src.c:(.text+0x63): undefined reference to `pthread_join'
collect2: error: ld returned 1 exit status
make[1]: *** [CMakeFiles/cmTC_2c1ac.dir/build.make:87：cmTC_2c1ac] 错误 1
make[1]: 离开目录“/home/sen/ros/hand_arm_ws/build/panda_allergo_v2/CMakeFiles/CMakeTmp”
make: *** [Makefile:121：cmTC_2c1ac/fast] 错误 2


Source file was:
#include <pthread.h>

void* test_func(void* data)
{
  return data;
}

int main(void)
{
  pthread_t thread;
  pthread_create(&thread, NULL, test_func, NULL);
  pthread_detach(thread);
  pthread_join(thread, NULL);
  pthread_atfork(NULL, NULL, NULL);
  pthread_exit(NULL);

  return 0;
}

Determining if the function pthread_create exists in the pthreads failed with the following output:
Change Dir: /home/sen/ros/hand_arm_ws/build/panda_allergo_v2/CMakeFiles/CMakeTmp

Run Build Command(s):/usr/bin/make cmTC_1d877/fast && /usr/bin/make -f CMakeFiles/cmTC_1d877.dir/build.make CMakeFiles/cmTC_1d877.dir/build
make[1]: 进入目录“/home/sen/ros/hand_arm_ws/build/panda_allergo_v2/CMakeFiles/CMakeTmp”
Building C object CMakeFiles/cmTC_1d877.dir/CheckFunctionExists.c.o
/usr/bin/cc   -DCHECK_FUNCTION_EXISTS=pthread_create   -o CMakeFiles/cmTC_1d877.dir/CheckFunctionExists.c.o   -c /usr/share/cmake-3.16/Modules/CheckFunctionExists.c
Linking C executable cmTC_1d877
/usr/bin/cmake -E cmake_link_script CMakeFiles/cmTC_1d877.dir/link.txt --verbose=1
/usr/bin/cc  -DCHECK_FUNCTION_EXISTS=pthread_create    -rdynamic CMakeFiles/cmTC_1d877.dir/CheckFunctionExists.c.o  -o cmTC_1d877  -lpthreads 
/usr/bin/ld: 找不到 -lpthreads
collect2: error: ld returned 1 exit status
make[1]: *** [CMakeFiles/cmTC_1d877.dir/build.make:87：cmTC_1d877] 错误 1
make[1]: 离开目录“/home/sen/ros/hand_arm_ws/build/panda_allergo_v2/CMakeFiles/CMakeTmp”
make: *** [Makefile:121：cmTC_1d877/fast] 错误 2



